{
  "RSpec": {
    "coverage": {
      "/Users/vidoseaver/turing/4/urlockbox/config/environment.rb": [
        null,
        1,
        null,
        null,
        1
      ],
      "/Users/vidoseaver/turing/4/urlockbox/config/application.rb": [
        1,
        null,
        1,
        null,
        1,
        1,
        1,
        1,
        1,
        1,
        1,
        1,
        null,
        null,
        null,
        null,
        1,
        null,
        1,
        1,
        1,
        1,
        1,
        1,
        null,
        null,
        null,
        null,
        null
      ],
      "/Users/vidoseaver/turing/4/urlockbox/config/boot.rb": [
        1,
        null,
        1
      ],
      "/Users/vidoseaver/turing/4/urlockbox/config/environments/test.rb": [
        1,
        null,
        null,
        null,
        null,
        null,
        null,
        1,
        null,
        null,
        null,
        null,
        1,
        null,
        null,
        1,
        1,
        null,
        null,
        null,
        null,
        1,
        1,
        null,
        null,
        1,
        null,
        null,
        1,
        1,
        null,
        null,
        null,
        null,
        1,
        null,
        null,
        1,
        null,
        null,
        null,
        null
      ],
      "/Users/vidoseaver/turing/4/urlockbox/config/initializers/application_controller_renderer.rb": [
        null,
        null,
        null,
        null,
        null,
        null
      ],
      "/Users/vidoseaver/turing/4/urlockbox/config/initializers/assets.rb": [
        null,
        null,
        null,
        1,
        null,
        null,
        null,
        null,
        null,
        null,
        null
      ],
      "/Users/vidoseaver/turing/4/urlockbox/config/initializers/backtrace_silencers.rb": [
        null,
        null,
        null,
        null,
        null,
        null,
        null
      ],
      "/Users/vidoseaver/turing/4/urlockbox/config/initializers/cookies_serializer.rb": [
        null,
        null,
        null,
        null,
        1
      ],
      "/Users/vidoseaver/turing/4/urlockbox/config/initializers/filter_parameter_logging.rb": [
        null,
        null,
        null,
        1
      ],
      "/Users/vidoseaver/turing/4/urlockbox/config/initializers/inflections.rb": [
        null,
        null,
        null,
        null,
        null,
        null,
        null,
        null,
        null,
        null,
        null,
        null,
        null,
        null,
        null,
        null
      ],
      "/Users/vidoseaver/turing/4/urlockbox/config/initializers/mime_types.rb": [
        null,
        null,
        null,
        null
      ],
      "/Users/vidoseaver/turing/4/urlockbox/config/initializers/new_framework_defaults.rb": [
        null,
        null,
        null,
        null,
        null,
        null,
        null,
        1,
        null,
        null,
        1,
        null,
        null,
        null,
        1,
        null,
        null,
        1,
        null,
        null,
        1,
        null,
        null,
        1
      ],
      "/Users/vidoseaver/turing/4/urlockbox/config/initializers/session_store.rb": [
        null,
        null,
        1
      ],
      "/Users/vidoseaver/turing/4/urlockbox/config/initializers/wrap_parameters.rb": [
        null,
        null,
        null,
        null,
        null,
        null,
        1,
        2,
        null,
        null,
        null,
        null,
        null,
        null
      ],
      "/Users/vidoseaver/turing/4/urlockbox/config/routes.rb": [
        1,
        null,
        1,
        1,
        1,
        1,
        null,
        1,
        1,
        1,
        null,
        null,
        null,
        null,
        null,
        null,
        null,
        null
      ],
      "/Users/vidoseaver/turing/4/urlockbox/app/helpers/api/v1/links_helper.rb": [
        1,
        null
      ],
      "/Users/vidoseaver/turing/4/urlockbox/app/helpers/application_helper.rb": [
        1,
        null
      ],
      "/Users/vidoseaver/turing/4/urlockbox/app/helpers/links_helper.rb": [
        1,
        null
      ],
      "/Users/vidoseaver/turing/4/urlockbox/app/helpers/sessions_helper.rb": [
        1,
        null
      ],
      "/Users/vidoseaver/turing/4/urlockbox/app/helpers/users_helper.rb": [
        1,
        null
      ],
      "/Users/vidoseaver/turing/4/urlockbox/app/models/link.rb": [
        1,
        1,
        1,
        null,
        1,
        2,
        2,
        null,
        null,
        1,
        2,
        2,
        28,
        22,
        null,
        null
      ],
      "/Users/vidoseaver/turing/4/urlockbox/app/models/application_record.rb": [
        1,
        1,
        null
      ],
      "/Users/vidoseaver/turing/4/urlockbox/app/models/user.rb": [
        1,
        1,
        1,
        1,
        null,
        null
      ]
    },
    "timestamp": 1487037647
  }
}
